<?xml version="1.0" encoding="UTF-8"?>
<!-- Generated by org.testng.reporters.JUnitReportReporter -->
<testsuite hostname="DESKTOP-GU8OJ5B" failures="0" tests="10" name="com.sgtesting.TestNGScenarioAssignments.Assignment6Actime" time="39.082" errors="0" timestamp="2022-11-11T07:17:08 IST" skipped="0">
  <testcase classname="com.sgtesting.TestNGScenarioAssignments.Assignment6Actime" name="launch" time="1.744"/>
  <system-out/>
  <testcase classname="com.sgtesting.TestNGScenarioAssignments.Assignment6Actime" name="Navigate" time="4.018"/>
  <system-out/>
  <testcase classname="com.sgtesting.TestNGScenarioAssignments.Assignment6Actime" name="login" time="3.465"/>
  <system-out/>
  <testcase classname="com.sgtesting.TestNGScenarioAssignments.Assignment6Actime" name="Minimize" time="1.119"/>
  <system-out/>
  <testcase classname="com.sgtesting.TestNGScenarioAssignments.Assignment6Actime" name="Createcustomer" time="6.550"/>
  <system-out/>
  <testcase classname="com.sgtesting.TestNGScenarioAssignments.Assignment6Actime" name="CreateProject" time="6.480"/>
  <system-out/>
  <testcase classname="com.sgtesting.TestNGScenarioAssignments.Assignment6Actime" name="DeleteProject" time="4.908"/>
  <system-out/>
  <testcase classname="com.sgtesting.TestNGScenarioAssignments.Assignment6Actime" name="Deletecustomer" time="4.722"/>
  <system-out/>
  <testcase classname="com.sgtesting.TestNGScenarioAssignments.Assignment6Actime" name="logout" time="2.510"/>
  <system-out/>
  <testcase classname="com.sgtesting.TestNGScenarioAssignments.Assignment6Actime" name="CloseBrowser" time="3.566"/>
  <system-out/>
</testsuite> <!-- com.sgtesting.TestNGScenarioAssignments.Assignment6Actime -->
