<?xml version="1.0" encoding="UTF-8"?>
<!-- Generated by org.testng.reporters.JUnitReportReporter -->
<testsuite hostname="DESKTOP-GU8OJ5B" failures="0" tests="3" name="com.sgtesting.products.Products" time="0.018" errors="0" timestamp="2022-11-09T12:03:20 IST" skipped="0">
  <testcase classname="com.sgtesting.products.Products" name="deleteProduct" time="0.006"/>
  <system-out/>
  <testcase classname="com.sgtesting.products.Products" name="modifyProduct" time="0.005"/>
  <system-out/>
  <testcase classname="com.sgtesting.products.Products" name="createProduct" time="0.007"/>
  <system-out/>
</testsuite> <!-- com.sgtesting.products.Products -->
