<?xml version="1.0" encoding="UTF-8"?>
<!-- Generated by org.testng.reporters.JUnitReportReporter -->
<testsuite hostname="DESKTOP-GU8OJ5B" failures="0" tests="8" name="com.sgtesting.TestNGScenarioAssignments.Assignment1Actime" time="51.239" errors="0" timestamp="2022-11-11T07:17:08 IST" skipped="0">
  <testcase classname="com.sgtesting.TestNGScenarioAssignments.Assignment1Actime" name="launchBrowser" time="16.466"/>
  <system-out/>
  <testcase classname="com.sgtesting.TestNGScenarioAssignments.Assignment1Actime" name="Navigate" time="4.632"/>
  <system-out/>
  <testcase classname="com.sgtesting.TestNGScenarioAssignments.Assignment1Actime" name="login" time="3.646"/>
  <system-out/>
  <testcase classname="com.sgtesting.TestNGScenarioAssignments.Assignment1Actime" name="minimize" time="3.092"/>
  <system-out/>
  <testcase classname="com.sgtesting.TestNGScenarioAssignments.Assignment1Actime" name="User" time="11.274"/>
  <system-out/>
  <testcase classname="com.sgtesting.TestNGScenarioAssignments.Assignment1Actime" name="deleteUser" time="6.679"/>
  <system-out/>
  <testcase classname="com.sgtesting.TestNGScenarioAssignments.Assignment1Actime" name="logout" time="2.492"/>
  <system-out/>
  <testcase classname="com.sgtesting.TestNGScenarioAssignments.Assignment1Actime" name="close" time="2.958"/>
  <system-out/>
</testsuite> <!-- com.sgtesting.TestNGScenarioAssignments.Assignment1Actime -->
