<?xml version="1.0" encoding="UTF-8"?>
<!-- Generated by org.testng.reporters.JUnitReportReporter -->
<testsuite hostname="DESKTOP-GU8OJ5B" failures="0" tests="11" name="com.sgtesting.TestNGScenarioAssignments.Assignment7Actime" time="42.294" errors="0" timestamp="2022-11-11T07:17:08 IST" skipped="0">
  <testcase classname="com.sgtesting.TestNGScenarioAssignments.Assignment7Actime" name="launch" time="1.715"/>
  <system-out/>
  <testcase classname="com.sgtesting.TestNGScenarioAssignments.Assignment7Actime" name="Navigate" time="3.791"/>
  <system-out/>
  <testcase classname="com.sgtesting.TestNGScenarioAssignments.Assignment7Actime" name="login" time="3.409"/>
  <system-out/>
  <testcase classname="com.sgtesting.TestNGScenarioAssignments.Assignment7Actime" name="Minimize" time="1.091"/>
  <system-out/>
  <testcase classname="com.sgtesting.TestNGScenarioAssignments.Assignment7Actime" name="Createcustomer" time="6.567"/>
  <system-out/>
  <testcase classname="com.sgtesting.TestNGScenarioAssignments.Assignment7Actime" name="CreateProject" time="6.499"/>
  <system-out/>
  <testcase classname="com.sgtesting.TestNGScenarioAssignments.Assignment7Actime" name="ModifyProject" time="4.707"/>
  <system-out/>
  <testcase classname="com.sgtesting.TestNGScenarioAssignments.Assignment7Actime" name="DeleteProject" time="3.590"/>
  <system-out/>
  <testcase classname="com.sgtesting.TestNGScenarioAssignments.Assignment7Actime" name="Deletecustomer" time="4.850"/>
  <system-out/>
  <testcase classname="com.sgtesting.TestNGScenarioAssignments.Assignment7Actime" name="logout" time="2.534"/>
  <system-out/>
  <testcase classname="com.sgtesting.TestNGScenarioAssignments.Assignment7Actime" name="CloseBrowser" time="3.541"/>
  <system-out/>
</testsuite> <!-- com.sgtesting.TestNGScenarioAssignments.Assignment7Actime -->
