<?xml version="1.0" encoding="UTF-8"?>
<!-- Generated by org.testng.reporters.JUnitReportReporter -->
<testsuite hostname="DESKTOP-GU8OJ5B" failures="0" tests="3" name="com.sgtesting.users.Users" time="0.025" errors="0" timestamp="2022-11-09T12:03:20 IST" skipped="0">
  <testcase classname="com.sgtesting.users.Users" name="modifyUser" time="0.003"/>
  <system-out/>
  <testcase classname="com.sgtesting.users.Users" name="deleteUser" time="0.010"/>
  <system-out/>
  <testcase classname="com.sgtesting.users.Users" name="createUser" time="0.012"/>
  <system-out/>
</testsuite> <!-- com.sgtesting.users.Users -->
