<?xml version="1.0" encoding="UTF-8"?>
<!-- Generated by org.testng.reporters.JUnitReportReporter -->
<testsuite hostname="DESKTOP-GU8OJ5B" failures="0" tests="2" name="com.sgtesting.annotationsummary.AnnotationsSummary" time="0.027" errors="0" timestamp="2022-11-14T23:37:43 IST" skipped="0">
  <testcase classname="com.sgtesting.annotationsummary.AnnotationsSummary" name="method1" time="0.023"/>
  <system-out/>
  <testcase classname="com.sgtesting.annotationsummary.AnnotationsSummary" name="method2" time="0.004"/>
  <system-out/>
</testsuite> <!-- com.sgtesting.annotationsummary.AnnotationsSummary -->
