<?xml version="1.0" encoding="UTF-8"?>
<!-- Generated by org.testng.reporters.JUnitReportReporter -->
<testsuite hostname="DESKTOP-GU8OJ5B" failures="0" tests="6" name="com.sgtesting.testngscenario.LoginLogoutDemo" time="24.121" errors="0" timestamp="2022-11-10T12:38:17 IST" skipped="0">
  <testcase classname="com.sgtesting.testngscenario.LoginLogoutDemo" name="launchBrowser" time="5.121"/>
  <system-out/>
  <testcase classname="com.sgtesting.testngscenario.LoginLogoutDemo" name="navigate" time="7.047"/>
  <system-out/>
  <testcase classname="com.sgtesting.testngscenario.LoginLogoutDemo" name="login" time="6.697"/>
  <system-out/>
  <testcase classname="com.sgtesting.testngscenario.LoginLogoutDemo" name="minimizeFlyOutwindow" time="2.158"/>
  <system-out/>
  <testcase classname="com.sgtesting.testngscenario.LoginLogoutDemo" name="logout" time="2.633"/>
  <system-out/>
  <testcase classname="com.sgtesting.testngscenario.LoginLogoutDemo" name="closeApp" time="0.465"/>
  <system-out/>
</testsuite> <!-- com.sgtesting.testngscenario.LoginLogoutDemo -->
