<?xml version="1.0" encoding="UTF-8"?>
<!-- Generated by org.testng.reporters.JUnitReportReporter -->
<testsuite hostname="DESKTOP-GU8OJ5B" failures="0" tests="9" name="com.sgtesting.TestNGScenarioAssignments.Assignment2Actime" time="44.177" errors="0" timestamp="2022-11-11T07:17:08 IST" skipped="0">
  <testcase classname="com.sgtesting.TestNGScenarioAssignments.Assignment2Actime" name="launchBrowser" time="4.056"/>
  <system-out/>
  <testcase classname="com.sgtesting.TestNGScenarioAssignments.Assignment2Actime" name="Navigate" time="4.449"/>
  <system-out/>
  <testcase classname="com.sgtesting.TestNGScenarioAssignments.Assignment2Actime" name="login" time="5.377"/>
  <system-out/>
  <testcase classname="com.sgtesting.TestNGScenarioAssignments.Assignment2Actime" name="minimize" time="3.122"/>
  <system-out/>
  <testcase classname="com.sgtesting.TestNGScenarioAssignments.Assignment2Actime" name="User" time="9.986"/>
  <system-out/>
  <testcase classname="com.sgtesting.TestNGScenarioAssignments.Assignment2Actime" name="ModifyUser" time="3.771"/>
  <system-out/>
  <testcase classname="com.sgtesting.TestNGScenarioAssignments.Assignment2Actime" name="deleteUser" time="6.561"/>
  <system-out/>
  <testcase classname="com.sgtesting.TestNGScenarioAssignments.Assignment2Actime" name="logout" time="3.574"/>
  <system-out/>
  <testcase classname="com.sgtesting.TestNGScenarioAssignments.Assignment2Actime" name="close" time="3.281"/>
  <system-out/>
</testsuite> <!-- com.sgtesting.TestNGScenarioAssignments.Assignment2Actime -->
