<?xml version="1.0" encoding="UTF-8"?>
<!-- Generated by org.testng.reporters.JUnitReportReporter -->
<testsuite hostname="DESKTOP-GU8OJ5B" failures="0" tests="9" name="com.sgtesting.TestNGScenarioAssignments.Assignment5Actime" time="32.536" errors="0" timestamp="2022-11-11T07:17:08 IST" skipped="0">
  <testcase classname="com.sgtesting.TestNGScenarioAssignments.Assignment5Actime" name="launch" time="1.305"/>
  <system-out/>
  <testcase classname="com.sgtesting.TestNGScenarioAssignments.Assignment5Actime" name="Navigate" time="3.960"/>
  <system-out/>
  <testcase classname="com.sgtesting.TestNGScenarioAssignments.Assignment5Actime" name="login" time="3.447"/>
  <system-out/>
  <testcase classname="com.sgtesting.TestNGScenarioAssignments.Assignment5Actime" name="Minimize" time="1.085"/>
  <system-out/>
  <testcase classname="com.sgtesting.TestNGScenarioAssignments.Assignment5Actime" name="Createcustomer" time="7.649"/>
  <system-out/>
  <testcase classname="com.sgtesting.TestNGScenarioAssignments.Assignment5Actime" name="Modifycustomer" time="4.532"/>
  <system-out/>
  <testcase classname="com.sgtesting.TestNGScenarioAssignments.Assignment5Actime" name="Deletecustomer" time="4.693"/>
  <system-out/>
  <testcase classname="com.sgtesting.TestNGScenarioAssignments.Assignment5Actime" name="logout" time="2.562"/>
  <system-out/>
  <testcase classname="com.sgtesting.TestNGScenarioAssignments.Assignment5Actime" name="CloseBrowser" time="3.303"/>
  <system-out/>
</testsuite> <!-- com.sgtesting.TestNGScenarioAssignments.Assignment5Actime -->
