<?xml version="1.0" encoding="UTF-8"?>
<!-- Generated by org.testng.reporters.JUnitReportReporter -->
<testsuite skipped="0" hostname="NIKHIL" name="com.sgtesting.actitime.ScrnshotAssignment1Actime" tests="8" failures="0" timestamp="2023-01-01T00:57:35 IST" time="47.594" errors="0">
  <testcase name="launchBrowser" time="3.778" classname="com.sgtesting.actitime.ScrnshotAssignment1Actime"/>
  <system-out/>
  <testcase name="Navigate" time="2.452" classname="com.sgtesting.actitime.ScrnshotAssignment1Actime"/>
  <system-out/>
  <testcase name="login" time="3.334" classname="com.sgtesting.actitime.ScrnshotAssignment1Actime"/>
  <system-out/>
  <testcase name="minimize" time="3.067" classname="com.sgtesting.actitime.ScrnshotAssignment1Actime"/>
  <system-out/>
  <testcase name="User" time="8.303" classname="com.sgtesting.actitime.ScrnshotAssignment1Actime"/>
  <system-out/>
  <testcase name="deleteUser" time="6.174" classname="com.sgtesting.actitime.ScrnshotAssignment1Actime"/>
  <system-out/>
  <testcase name="logout" time="2.209" classname="com.sgtesting.actitime.ScrnshotAssignment1Actime"/>
  <system-out/>
  <testcase name="close" time="18.277" classname="com.sgtesting.actitime.ScrnshotAssignment1Actime"/>
  <system-out/>
</testsuite> <!-- com.sgtesting.actitime.ScrnshotAssignment1Actime -->
