<?xml version="1.0" encoding="UTF-8"?>
<!-- Generated by org.testng.reporters.JUnitReportReporter -->
<testsuite skipped="0" hostname="NIKHIL" name="com.sgtesting.TestNgScenarioAssignments.Assignment1Actime" tests="8" failures="0" timestamp="2023-01-01T01:34:41 IST" time="47.088" errors="0">
  <testcase name="launchBrowser" time="3.310" classname="com.sgtesting.TestNgScenarioAssignments.Assignment1Actime"/>
  <system-out/>
  <testcase name="Navigate" time="2.467" classname="com.sgtesting.TestNgScenarioAssignments.Assignment1Actime"/>
  <system-out/>
  <testcase name="login" time="3.230" classname="com.sgtesting.TestNgScenarioAssignments.Assignment1Actime"/>
  <system-out/>
  <testcase name="minimize" time="3.045" classname="com.sgtesting.TestNgScenarioAssignments.Assignment1Actime"/>
  <system-out/>
  <testcase name="User" time="8.307" classname="com.sgtesting.TestNgScenarioAssignments.Assignment1Actime"/>
  <system-out/>
  <testcase name="deleteUser" time="6.204" classname="com.sgtesting.TestNgScenarioAssignments.Assignment1Actime"/>
  <system-out/>
  <testcase name="logout" time="2.222" classname="com.sgtesting.TestNgScenarioAssignments.Assignment1Actime"/>
  <system-out/>
  <testcase name="close" time="18.303" classname="com.sgtesting.TestNgScenarioAssignments.Assignment1Actime"/>
  <system-out/>
</testsuite> <!-- com.sgtesting.TestNgScenarioAssignments.Assignment1Actime -->
