<?xml version="1.0" encoding="UTF-8"?>
<!-- Generated by org.testng.reporters.JUnitReportReporter -->
<testsuite skipped="0" hostname="NIKHIL" name="com.sgtesting.testngscenario.LoginLogoutDemo" tests="6" failures="0" timestamp="2023-01-01T00:49:07 IST" time="19.211" errors="0">
  <testcase name="launchBrowser" time="3.482" classname="com.sgtesting.testngscenario.LoginLogoutDemo"/>
  <system-out/>
  <testcase name="navigate" time="5.526" classname="com.sgtesting.testngscenario.LoginLogoutDemo"/>
  <system-out/>
  <testcase name="login" time="5.222" classname="com.sgtesting.testngscenario.LoginLogoutDemo"/>
  <system-out/>
  <testcase name="minimizeFlyOutwindow" time="2.082" classname="com.sgtesting.testngscenario.LoginLogoutDemo"/>
  <system-out/>
  <testcase name="logout" time="2.191" classname="com.sgtesting.testngscenario.LoginLogoutDemo"/>
  <system-out/>
  <testcase name="closeApp" time="0.708" classname="com.sgtesting.testngscenario.LoginLogoutDemo"/>
  <system-out/>
</testsuite> <!-- com.sgtesting.testngscenario.LoginLogoutDemo -->
