<?xml version="1.0" encoding="UTF-8"?>
<!-- Generated by org.testng.reporters.JUnitReportReporter -->
<testsuite hostname="DESKTOP-GU8OJ5B" failures="0" tests="3" name="com.sgtesting.testcases.Users" time="0.050" errors="0" timestamp="2022-11-11T15:17:44 IST" skipped="0">
  <testcase classname="com.sgtesting.testcases.Users" name="createUser" time="0.037"/>
  <system-out/>
  <testcase classname="com.sgtesting.testcases.Users" name="modifyUser" time="0.004"/>
  <system-out/>
  <testcase classname="com.sgtesting.testcases.Users" name="deleteUser" time="0.009"/>
  <system-out/>
</testsuite> <!-- com.sgtesting.testcases.Users -->
